[debug] [2025-11-22T20:30:32.246Z] ----------------------------------------------------------------------
[debug] [2025-11-22T20:30:32.251Z] Command:       C:\Program Files\nodejs\node.exe C:\Users\Dom\AppData\Roaming\npm\node_modules\firebase-tools\lib\bin\firebase.js init functions
[debug] [2025-11-22T20:30:32.252Z] CLI Version:   14.26.0
[debug] [2025-11-22T20:30:32.252Z] Platform:      win32
[debug] [2025-11-22T20:30:32.252Z] Node Version:  v24.11.1
[debug] [2025-11-22T20:30:32.253Z] Time:          Sun Nov 23 2025 04:30:32 GMT+0800 (Philippine Standard Time)
[debug] [2025-11-22T20:30:32.253Z] ----------------------------------------------------------------------
[debug] 
[info] 
     ######## #### ########  ######## ########     ###     ######  ########
     ##        ##  ##     ## ##       ##     ##  ##   ##  ##       ##
     ######    ##  ########  ######   ########  #########  ######  ######
     ##        ##  ##    ##  ##       ##     ## ##     ##       ## ##
     ##       #### ##     ## ######## ########  ##     ##  ######  ########

You're about to initialize a Firebase project in this directory:

  C:\Users\Dom\imask_app\frontend

[info] 
=== Project Setup
[info] 
[info] First, let's associate this project directory with a Firebase project.
[info] You can create multiple project aliases by running firebase use --add, 
[info] 
[debug] [2025-11-22T20:35:26.249Z] ExitPromptError: User force closed the prompt with SIGINT
    at Interface.sigint (C:\Users\Dom\AppData\Roaming\npm\node_modules\firebase-tools\node_modules\@inquirer\core\dist\commonjs\lib\create-prompt.js:101:37)
    at Interface.emit (node:events:508:28)
    at Interface.emit (node:domain:489:12)
    at [_ttyWrite] [as _ttyWrite] (node:internal/readline/interface:1317:18)
    at ReadStream.onkeypress (node:internal/readline/interface:284:20)
    at ReadStream.emit (node:events:520:35)
    at ReadStream.emit (node:domain:489:12)
    at emitKeys (node:internal/readline/utils:371:14)
    at emitKeys.next (<anonymous>)
    at ReadStream.onData (node:internal/readline/emitKeypressEvents:64:36)
[error] 
[error] Error: An unexpected error has occurred.
